<?xml version="1.0" encoding="UTF-8"?>
<!-- Generated by org.testng.reporters.JUnitReportReporter -->
<testsuite hostname="LAPTOP-1FSN1JQJ" failures="0" tests="1" name="TestCases.LoginTest" time="9.946" errors="0" timestamp="2021-05-09T13:10:17 EDT" skipped="0">
  <testcase classname="TestCases.LoginTest" name="tc_34_validateLogin" time="9.946"/>
  <system-out/>
</testsuite> <!-- TestCases.LoginTest -->
