<?xml version="1.0" encoding="UTF-8"?>
<!-- Generated by org.testng.reporters.JUnitReportReporter -->
<testsuite hostname="LAPTOP-1FSN1JQJ" failures="0" tests="5" name="TestCases.LoginTest" time="24.517" errors="0" timestamp="2021-05-09T13:51:46 EDT" skipped="0">
  <testcase classname="TestCases.LoginTest" name="tc_37_invalidEmailAddressField" time="3.161"/>
  <system-out/>
  <testcase classname="TestCases.LoginTest" name="tc_36_blanPasswordNameField" time="4.267"/>
  <system-out/>
  <testcase classname="TestCases.LoginTest" name="tc_38_invalidPasswordField" time="4.980"/>
  <system-out/>
  <testcase classname="TestCases.LoginTest" name="tc_34_validateLogin" time="8.915"/>
  <system-out/>
  <testcase classname="TestCases.LoginTest" name="tc_35_blankUserNameField" time="3.194"/>
  <system-out/>
</testsuite> <!-- TestCases.LoginTest -->
